{"D:\\Programming\\React Test\\Project3\\sample-project-1\\src\\store\\configureStore.ts": {"path":"D:\\Programming\\React Test\\Project3\\sample-project-1\\src\\store\\configureStore.ts","statementMap":{"0":{"start":{"line":6,"column":14},"end":{"line":10,"column":2}},"1":{"start":{"line":8,"column":41},"end":{"line":8,"column":101}},"2":{"start":{"line":17,"column":25},"end":{"line":22,"column":1}},"3":{"start":{"line":18,"column":3},"end":{"line":21,"column":6}},"4":{"start":{"line":20,"column":44},"end":{"line":20,"column":104}}},"fnMap":{"0":{"name":"(anonymous_0)","decl":{"start":{"line":8,"column":15},"end":{"line":8,"column":16}},"loc":{"start":{"line":8,"column":41},"end":{"line":8,"column":101}},"line":8},"1":{"name":"(anonymous_1)","decl":{"start":{"line":17,"column":25},"end":{"line":17,"column":26}},"loc":{"start":{"line":17,"column":31},"end":{"line":22,"column":1}},"line":17},"2":{"name":"(anonymous_2)","decl":{"start":{"line":20,"column":18},"end":{"line":20,"column":19}},"loc":{"start":{"line":20,"column":44},"end":{"line":20,"column":104}},"line":20}},"branchMap":{},"s":{"0":2,"1":2,"2":2,"3":14,"4":14},"f":{"0":2,"1":14,"2":14},"b":{},"_coverageSchema":"1a1c01bbd47fc00a2c39e90264f33305004495a9","hash":"c168147918692a927cd55dd6b672596aeeeef67b"}
,"D:\\Programming\\React Test\\Project3\\sample-project-1\\src\\store\\middlewares\\api.ts": {"path":"D:\\Programming\\React Test\\Project3\\sample-project-1\\src\\store\\middlewares\\api.ts","statementMap":{"0":{"start":{"line":5,"column":3},"end":{"line":25,"column":4}},"1":{"start":{"line":6,"column":3},"end":{"line":25,"column":4}},"2":{"start":{"line":7,"column":3},"end":{"line":25,"column":4}},"3":{"start":{"line":9,"column":6},"end":{"line":9,"column":65}},"4":{"start":{"line":9,"column":45},"end":{"line":9,"column":65}},"5":{"start":{"line":10,"column":65},"end":{"line":10,"column":79}},"6":{"start":{"line":11,"column":6},"end":{"line":11,"column":19}},"7":{"start":{"line":12,"column":6},"end":{"line":12,"column":47}},"8":{"start":{"line":12,"column":19},"end":{"line":12,"column":47}},"9":{"start":{"line":13,"column":6},"end":{"line":24,"column":7}},"10":{"start":{"line":14,"column":26},"end":{"line":20,"column":11}},"11":{"start":{"line":21,"column":9},"end":{"line":21,"column":63}},"12":{"start":{"line":23,"column":9},"end":{"line":23,"column":55}}},"fnMap":{"0":{"name":"(anonymous_0)","decl":{"start":{"line":5,"column":3},"end":{"line":5,"column":4}},"loc":{"start":{"line":6,"column":3},"end":{"line":25,"column":4}},"line":6},"1":{"name":"(anonymous_1)","decl":{"start":{"line":6,"column":3},"end":{"line":6,"column":4}},"loc":{"start":{"line":7,"column":3},"end":{"line":25,"column":4}},"line":7},"2":{"name":"(anonymous_2)","decl":{"start":{"line":7,"column":3},"end":{"line":7,"column":4}},"loc":{"start":{"line":7,"column":26},"end":{"line":25,"column":4}},"line":7}},"branchMap":{"0":{"loc":{"start":{"line":9,"column":6},"end":{"line":9,"column":65}},"type":"if","locations":[{"start":{"line":9,"column":6},"end":{"line":9,"column":65}},{"start":{},"end":{}}],"line":9},"1":{"loc":{"start":{"line":12,"column":6},"end":{"line":12,"column":47}},"type":"if","locations":[{"start":{"line":12,"column":6},"end":{"line":12,"column":47}},{"start":{},"end":{}}],"line":12}},"s":{"0":2,"1":16,"2":16,"3":28,"4":22,"5":6,"6":6,"7":6,"8":6,"9":6,"10":6,"11":4,"12":2},"f":{"0":16,"1":16,"2":28},"b":{"0":[22,6],"1":[6,0]},"_coverageSchema":"1a1c01bbd47fc00a2c39e90264f33305004495a9","hash":"99f6218cb8dbb4133431fc6c2fd64ccd67969dd8"}
,"D:\\Programming\\React Test\\Project3\\sample-project-1\\src\\store\\middlewares\\auth.ts": {"path":"D:\\Programming\\React Test\\Project3\\sample-project-1\\src\\store\\middlewares\\auth.ts","statementMap":{"0":{"start":{"line":8,"column":3},"end":{"line":30,"column":4}},"1":{"start":{"line":9,"column":3},"end":{"line":30,"column":4}},"2":{"start":{"line":10,"column":3},"end":{"line":30,"column":4}},"3":{"start":{"line":12,"column":6},"end":{"line":29,"column":33}},"4":{"start":{"line":14,"column":55},"end":{"line":14,"column":75}},"5":{"start":{"line":16,"column":61},"end":{"line":19,"column":10}},"6":{"start":{"line":21,"column":9},"end":{"line":28,"column":10}},"7":{"start":{"line":22,"column":12},"end":{"line":22,"column":25}},"8":{"start":{"line":24,"column":12},"end":{"line":24,"column":76}},"9":{"start":{"line":24,"column":26},"end":{"line":24,"column":76}},"10":{"start":{"line":26,"column":12},"end":{"line":26,"column":46}},"11":{"start":{"line":27,"column":12},"end":{"line":27,"column":102}},"12":{"start":{"line":27,"column":39},"end":{"line":27,"column":102}},"13":{"start":{"line":29,"column":13},"end":{"line":29,"column":33}}},"fnMap":{"0":{"name":"(anonymous_0)","decl":{"start":{"line":8,"column":3},"end":{"line":8,"column":4}},"loc":{"start":{"line":9,"column":3},"end":{"line":30,"column":4}},"line":9},"1":{"name":"(anonymous_1)","decl":{"start":{"line":9,"column":3},"end":{"line":9,"column":4}},"loc":{"start":{"line":10,"column":3},"end":{"line":30,"column":4}},"line":10},"2":{"name":"(anonymous_2)","decl":{"start":{"line":10,"column":3},"end":{"line":10,"column":4}},"loc":{"start":{"line":10,"column":38},"end":{"line":30,"column":4}},"line":10}},"branchMap":{"0":{"loc":{"start":{"line":12,"column":6},"end":{"line":29,"column":33}},"type":"if","locations":[{"start":{"line":12,"column":6},"end":{"line":29,"column":33}},{"start":{"line":29,"column":13},"end":{"line":29,"column":33}}],"line":12},"1":{"loc":{"start":{"line":21,"column":9},"end":{"line":28,"column":10}},"type":"if","locations":[{"start":{"line":21,"column":9},"end":{"line":28,"column":10}},{"start":{"line":25,"column":16},"end":{"line":28,"column":10}}],"line":21},"2":{"loc":{"start":{"line":21,"column":13},"end":{"line":21,"column":39}},"type":"binary-expr","locations":[{"start":{"line":21,"column":13},"end":{"line":21,"column":24}},{"start":{"line":21,"column":28},"end":{"line":21,"column":39}}],"line":21},"3":{"loc":{"start":{"line":24,"column":12},"end":{"line":24,"column":76}},"type":"if","locations":[{"start":{"line":24,"column":12},"end":{"line":24,"column":76}},{"start":{},"end":{}}],"line":24},"4":{"loc":{"start":{"line":27,"column":12},"end":{"line":27,"column":102}},"type":"if","locations":[{"start":{"line":27,"column":12},"end":{"line":27,"column":102}},{"start":{},"end":{}}],"line":27}},"s":{"0":2,"1":16,"2":16,"3":29,"4":3,"5":3,"6":3,"7":2,"8":2,"9":2,"10":1,"11":1,"12":0,"13":26},"f":{"0":16,"1":16,"2":29},"b":{"0":[3,26],"1":[2,1],"2":[3,2],"3":[2,0],"4":[0,1]},"_coverageSchema":"1a1c01bbd47fc00a2c39e90264f33305004495a9","hash":"76356a810f71a7b002c4c16004bf43e1d8a127c3"}
,"D:\\Programming\\React Test\\Project3\\sample-project-1\\src\\store\\services\\apiService.ts": {"path":"D:\\Programming\\React Test\\Project3\\sample-project-1\\src\\store\\services\\apiService.ts","statementMap":{"0":{"start":{"line":4,"column":28},"end":{"line":4,"column":70}}},"fnMap":{},"branchMap":{},"s":{"0":2},"f":{},"b":{},"_coverageSchema":"1a1c01bbd47fc00a2c39e90264f33305004495a9","hash":"c68eb3c2a1a6f425699cb75c2872493034fd7ebc"}
,"D:\\Programming\\React Test\\Project3\\sample-project-1\\src\\store\\services\\authService.ts": {"path":"D:\\Programming\\React Test\\Project3\\sample-project-1\\src\\store\\services\\authService.ts","statementMap":{"0":{"start":{"line":5,"column":19},"end":{"line":28,"column":1}},"1":{"start":{"line":7,"column":3},"end":{"line":27,"column":4}},"2":{"start":{"line":8,"column":6},"end":{"line":8,"column":36}},"3":{"start":{"line":12,"column":23},"end":{"line":12,"column":62}},"4":{"start":{"line":14,"column":6},"end":{"line":26,"column":7}},"5":{"start":{"line":15,"column":9},"end":{"line":15,"column":85}},"6":{"start":{"line":22,"column":36},"end":{"line":22,"column":51}},"7":{"start":{"line":23,"column":9},"end":{"line":25,"column":44}},"8":{"start":{"line":24,"column":12},"end":{"line":24,"column":88}},"9":{"start":{"line":25,"column":14},"end":{"line":25,"column":44}},"10":{"start":{"line":30,"column":23},"end":{"line":51,"column":1}},"11":{"start":{"line":31,"column":24},"end":{"line":31,"column":60}},"12":{"start":{"line":36,"column":6},"end":{"line":38,"column":67}},"13":{"start":{"line":40,"column":3},"end":{"line":50,"column":4}},"14":{"start":{"line":41,"column":6},"end":{"line":45,"column":9}},"15":{"start":{"line":49,"column":6},"end":{"line":49,"column":87}}},"fnMap":{"0":{"name":"(anonymous_0)","decl":{"start":{"line":5,"column":19},"end":{"line":5,"column":20}},"loc":{"start":{"line":5,"column":70},"end":{"line":28,"column":1}},"line":5},"1":{"name":"(anonymous_1)","decl":{"start":{"line":30,"column":23},"end":{"line":30,"column":24}},"loc":{"start":{"line":30,"column":35},"end":{"line":51,"column":1}},"line":30}},"branchMap":{"0":{"loc":{"start":{"line":7,"column":3},"end":{"line":27,"column":4}},"type":"if","locations":[{"start":{"line":7,"column":3},"end":{"line":27,"column":4}},{"start":{"line":11,"column":8},"end":{"line":27,"column":4}}],"line":7},"1":{"loc":{"start":{"line":14,"column":6},"end":{"line":26,"column":7}},"type":"if","locations":[{"start":{"line":14,"column":6},"end":{"line":26,"column":7}},{"start":{"line":18,"column":11},"end":{"line":26,"column":7}}],"line":14},"2":{"loc":{"start":{"line":23,"column":9},"end":{"line":25,"column":44}},"type":"if","locations":[{"start":{"line":23,"column":9},"end":{"line":25,"column":44}},{"start":{"line":25,"column":14},"end":{"line":25,"column":44}}],"line":23},"3":{"loc":{"start":{"line":36,"column":6},"end":{"line":38,"column":67}},"type":"cond-expr","locations":[{"start":{"line":37,"column":11},"end":{"line":37,"column":89}},{"start":{"line":38,"column":11},"end":{"line":38,"column":67}}],"line":36},"4":{"loc":{"start":{"line":40,"column":3},"end":{"line":50,"column":4}},"type":"if","locations":[{"start":{"line":40,"column":3},"end":{"line":50,"column":4}},{"start":{"line":48,"column":8},"end":{"line":50,"column":4}}],"line":40},"5":{"loc":{"start":{"line":40,"column":7},"end":{"line":40,"column":87}},"type":"binary-expr","locations":[{"start":{"line":40,"column":7},"end":{"line":40,"column":44}},{"start":{"line":40,"column":48},"end":{"line":40,"column":87}}],"line":40}},"s":{"0":3,"1":7,"2":5,"3":2,"4":2,"5":1,"6":1,"7":1,"8":1,"9":0,"10":3,"11":5,"12":5,"13":5,"14":3,"15":2},"f":{"0":7,"1":5},"b":{"0":[5,2],"1":[1,1],"2":[1,0],"3":[3,2],"4":[3,2],"5":[5,3]},"_coverageSchema":"1a1c01bbd47fc00a2c39e90264f33305004495a9","hash":"139456566ee50d32af15e31f40e9de40bacd3a23"}
,"D:\\Programming\\React Test\\Project3\\sample-project-1\\src\\store\\services\\httpService.ts": {"path":"D:\\Programming\\React Test\\Project3\\sample-project-1\\src\\store\\services\\httpService.ts","statementMap":{"0":{"start":{"line":4,"column":0},"end":{"line":11,"column":3}},"1":{"start":{"line":6,"column":6},"end":{"line":6,"column":84}},"2":{"start":{"line":7,"column":3},"end":{"line":9,"column":4}},"3":{"start":{"line":8,"column":6},"end":{"line":8,"column":45}},"4":{"start":{"line":10,"column":3},"end":{"line":10,"column":32}}},"fnMap":{"0":{"name":"(anonymous_0)","decl":{"start":{"line":4,"column":43},"end":{"line":4,"column":44}},"loc":{"start":{"line":4,"column":59},"end":{"line":11,"column":1}},"line":4}},"branchMap":{"0":{"loc":{"start":{"line":6,"column":6},"end":{"line":6,"column":84}},"type":"binary-expr","locations":[{"start":{"line":6,"column":6},"end":{"line":6,"column":20}},{"start":{"line":6,"column":24},"end":{"line":6,"column":52}},{"start":{"line":6,"column":56},"end":{"line":6,"column":84}}],"line":6},"1":{"loc":{"start":{"line":7,"column":3},"end":{"line":9,"column":4}},"type":"if","locations":[{"start":{"line":7,"column":3},"end":{"line":9,"column":4}},{"start":{},"end":{}}],"line":7}},"s":{"0":2,"1":2,"2":2,"3":0,"4":2},"f":{"0":2},"b":{"0":[2,2,2],"1":[0,2]},"_coverageSchema":"1a1c01bbd47fc00a2c39e90264f33305004495a9","hash":"3245a6f24c75631d9f00202717730d0a4388c327"}
,"D:\\Programming\\React Test\\Project3\\sample-project-1\\src\\store\\slices\\posts.ts": {"path":"D:\\Programming\\React Test\\Project3\\sample-project-1\\src\\store\\slices\\posts.ts","statementMap":{"0":{"start":{"line":16,"column":19},"end":{"line":38,"column":2}},"1":{"start":{"line":21,"column":9},"end":{"line":21,"column":35}},"2":{"start":{"line":22,"column":9},"end":{"line":22,"column":31}},"3":{"start":{"line":25,"column":9},"end":{"line":25,"column":36}},"4":{"start":{"line":26,"column":9},"end":{"line":26,"column":43}},"5":{"start":{"line":27,"column":9},"end":{"line":27,"column":30}},"6":{"start":{"line":28,"column":9},"end":{"line":28,"column":37}},"7":{"start":{"line":29,"column":9},"end":{"line":29,"column":35}},"8":{"start":{"line":32,"column":9},"end":{"line":32,"column":36}},"9":{"start":{"line":33,"column":9},"end":{"line":33,"column":42}},"10":{"start":{"line":34,"column":9},"end":{"line":34,"column":43}},"11":{"start":{"line":35,"column":9},"end":{"line":35,"column":31}},"12":{"start":{"line":41,"column":17},"end":{"line":41,"column":25}},"13":{"start":{"line":44,"column":19},"end":{"line":62,"column":1}},"14":{"start":{"line":44,"column":25},"end":{"line":62,"column":1}},"15":{"start":{"line":46,"column":25},"end":{"line":46,"column":50}},"16":{"start":{"line":47,"column":20},"end":{"line":47,"column":55}},"17":{"start":{"line":48,"column":3},"end":{"line":51,"column":4}},"18":{"start":{"line":49,"column":6},"end":{"line":49,"column":70}},"19":{"start":{"line":50,"column":6},"end":{"line":50,"column":13}},"20":{"start":{"line":52,"column":3},"end":{"line":61,"column":5}},"21":{"start":{"line":65,"column":20},"end":{"line":68,"column":1}},"22":{"start":{"line":66,"column":19},"end":{"line":66,"column":39}},"23":{"start":{"line":67,"column":19},"end":{"line":67,"column":24}},"24":{"start":{"line":70,"column":26},"end":{"line":80,"column":4}},"25":{"start":{"line":71,"column":3},"end":{"line":80,"column":4}},"26":{"start":{"line":72,"column":22},"end":{"line":72,"column":42}},"27":{"start":{"line":73,"column":31},"end":{"line":73,"column":37}},"28":{"start":{"line":75,"column":9},"end":{"line":78,"column":11}},"29":{"start":{"line":77,"column":51},"end":{"line":77,"column":73}}},"fnMap":{"0":{"name":"(anonymous_0)","decl":{"start":{"line":20,"column":22},"end":{"line":20,"column":23}},"loc":{"start":{"line":20,"column":89},"end":{"line":23,"column":7}},"line":20},"1":{"name":"(anonymous_1)","decl":{"start":{"line":24,"column":26},"end":{"line":24,"column":27}},"loc":{"start":{"line":24,"column":93},"end":{"line":30,"column":7}},"line":24},"2":{"name":"(anonymous_2)","decl":{"start":{"line":31,"column":21},"end":{"line":31,"column":22}},"loc":{"start":{"line":31,"column":92},"end":{"line":36,"column":7}},"line":31},"3":{"name":"(anonymous_3)","decl":{"start":{"line":44,"column":19},"end":{"line":44,"column":20}},"loc":{"start":{"line":44,"column":25},"end":{"line":62,"column":1}},"line":44},"4":{"name":"(anonymous_4)","decl":{"start":{"line":44,"column":25},"end":{"line":44,"column":26}},"loc":{"start":{"line":44,"column":59},"end":{"line":62,"column":1}},"line":44},"5":{"name":"(anonymous_5)","decl":{"start":{"line":66,"column":3},"end":{"line":66,"column":4}},"loc":{"start":{"line":66,"column":19},"end":{"line":66,"column":39}},"line":66},"6":{"name":"(anonymous_6)","decl":{"start":{"line":67,"column":3},"end":{"line":67,"column":4}},"loc":{"start":{"line":67,"column":19},"end":{"line":67,"column":24}},"line":67},"7":{"name":"(anonymous_7)","decl":{"start":{"line":70,"column":26},"end":{"line":70,"column":27}},"loc":{"start":{"line":71,"column":3},"end":{"line":80,"column":4}},"line":71},"8":{"name":"(anonymous_8)","decl":{"start":{"line":72,"column":6},"end":{"line":72,"column":7}},"loc":{"start":{"line":72,"column":22},"end":{"line":72,"column":42}},"line":72},"9":{"name":"(anonymous_9)","decl":{"start":{"line":73,"column":6},"end":{"line":73,"column":7}},"loc":{"start":{"line":73,"column":31},"end":{"line":73,"column":37}},"line":73},"10":{"name":"(anonymous_10)","decl":{"start":{"line":74,"column":6},"end":{"line":74,"column":7}},"loc":{"start":{"line":74,"column":35},"end":{"line":79,"column":7}},"line":74},"11":{"name":"(anonymous_11)","decl":{"start":{"line":77,"column":36},"end":{"line":77,"column":37}},"loc":{"start":{"line":77,"column":51},"end":{"line":77,"column":73}},"line":77}},"branchMap":{"0":{"loc":{"start":{"line":48,"column":3},"end":{"line":51,"column":4}},"type":"if","locations":[{"start":{"line":48,"column":3},"end":{"line":51,"column":4}},{"start":{},"end":{}}],"line":48}},"s":{"0":2,"1":6,"2":6,"3":2,"4":2,"5":2,"6":2,"7":2,"8":4,"9":4,"10":4,"11":4,"12":2,"13":2,"14":7,"15":7,"16":7,"17":7,"18":1,"19":1,"20":6,"21":2,"22":1,"23":1,"24":2,"25":1,"26":1,"27":1,"28":1,"29":4},"f":{"0":6,"1":2,"2":4,"3":7,"4":7,"5":1,"6":1,"7":1,"8":1,"9":1,"10":1,"11":4},"b":{"0":[1,6]},"_coverageSchema":"1a1c01bbd47fc00a2c39e90264f33305004495a9","hash":"7f949f3d6d44243da901252ac9b0a6438d3b6a40"}
,"D:\\Programming\\React Test\\Project3\\sample-project-1\\src\\store\\slices\\user.ts": {"path":"D:\\Programming\\React Test\\Project3\\sample-project-1\\src\\store\\slices\\user.ts","statementMap":{"0":{"start":{"line":22,"column":22},"end":{"line":56,"column":2}},"1":{"start":{"line":35,"column":9},"end":{"line":35,"column":73}},"2":{"start":{"line":36,"column":9},"end":{"line":36,"column":68}},"3":{"start":{"line":37,"column":9},"end":{"line":37,"column":49}},"4":{"start":{"line":40,"column":9},"end":{"line":40,"column":38}},"5":{"start":{"line":41,"column":9},"end":{"line":41,"column":32}},"6":{"start":{"line":42,"column":9},"end":{"line":42,"column":44}},"7":{"start":{"line":45,"column":9},"end":{"line":45,"column":32}},"8":{"start":{"line":46,"column":9},"end":{"line":46,"column":26}},"9":{"start":{"line":47,"column":9},"end":{"line":47,"column":50}},"10":{"start":{"line":50,"column":9},"end":{"line":50,"column":49}},"11":{"start":{"line":60,"column":29},"end":{"line":73,"column":1}},"12":{"start":{"line":60,"column":63},"end":{"line":73,"column":1}},"13":{"start":{"line":61,"column":34},"end":{"line":69,"column":4}},"14":{"start":{"line":71,"column":3},"end":{"line":72,"column":102}},"15":{"start":{"line":71,"column":23},"end":{"line":71,"column":86}},"16":{"start":{"line":72,"column":8},"end":{"line":72,"column":102}},"17":{"start":{"line":76,"column":30},"end":{"line":78,"column":1}},"18":{"start":{"line":77,"column":3},"end":{"line":77,"column":49}},"19":{"start":{"line":81,"column":35},"end":{"line":91,"column":1}},"20":{"start":{"line":82,"column":34},"end":{"line":89,"column":4}},"21":{"start":{"line":90,"column":3},"end":{"line":90,"column":62}},"22":{"start":{"line":94,"column":34},"end":{"line":96,"column":1}},"23":{"start":{"line":95,"column":3},"end":{"line":95,"column":92}},"24":{"start":{"line":99,"column":37},"end":{"line":101,"column":1}},"25":{"start":{"line":100,"column":3},"end":{"line":100,"column":66}},"26":{"start":{"line":105,"column":34},"end":{"line":108,"column":1}},"27":{"start":{"line":106,"column":19},"end":{"line":106,"column":34}},"28":{"start":{"line":107,"column":18},"end":{"line":107,"column":22}}},"fnMap":{"0":{"name":"(anonymous_0)","decl":{"start":{"line":34,"column":21},"end":{"line":34,"column":22}},"loc":{"start":{"line":34,"column":80},"end":{"line":38,"column":7}},"line":34},"1":{"name":"(anonymous_1)","decl":{"start":{"line":39,"column":26},"end":{"line":39,"column":27}},"loc":{"start":{"line":39,"column":79},"end":{"line":43,"column":7}},"line":39},"2":{"name":"(anonymous_2)","decl":{"start":{"line":44,"column":22},"end":{"line":44,"column":23}},"loc":{"start":{"line":44,"column":78},"end":{"line":48,"column":7}},"line":44},"3":{"name":"(anonymous_3)","decl":{"start":{"line":49,"column":27},"end":{"line":49,"column":28}},"loc":{"start":{"line":49,"column":86},"end":{"line":51,"column":7}},"line":49},"4":{"name":"(anonymous_4)","decl":{"start":{"line":52,"column":26},"end":{"line":52,"column":27}},"loc":{"start":{"line":52,"column":118},"end":{"line":54,"column":7}},"line":52},"5":{"name":"(anonymous_5)","decl":{"start":{"line":60,"column":29},"end":{"line":60,"column":30}},"loc":{"start":{"line":60,"column":63},"end":{"line":73,"column":1}},"line":60},"6":{"name":"(anonymous_6)","decl":{"start":{"line":60,"column":63},"end":{"line":60,"column":64}},"loc":{"start":{"line":60,"column":82},"end":{"line":73,"column":1}},"line":60},"7":{"name":"(anonymous_7)","decl":{"start":{"line":76,"column":30},"end":{"line":76,"column":31}},"loc":{"start":{"line":76,"column":36},"end":{"line":78,"column":1}},"line":76},"8":{"name":"(anonymous_8)","decl":{"start":{"line":81,"column":35},"end":{"line":81,"column":36}},"loc":{"start":{"line":81,"column":54},"end":{"line":91,"column":1}},"line":81},"9":{"name":"(anonymous_9)","decl":{"start":{"line":94,"column":34},"end":{"line":94,"column":35}},"loc":{"start":{"line":94,"column":40},"end":{"line":96,"column":1}},"line":94},"10":{"name":"(anonymous_10)","decl":{"start":{"line":99,"column":37},"end":{"line":99,"column":38}},"loc":{"start":{"line":99,"column":43},"end":{"line":101,"column":1}},"line":99},"11":{"name":"(anonymous_11)","decl":{"start":{"line":106,"column":3},"end":{"line":106,"column":4}},"loc":{"start":{"line":106,"column":19},"end":{"line":106,"column":34}},"line":106},"12":{"name":"(anonymous_12)","decl":{"start":{"line":107,"column":3},"end":{"line":107,"column":4}},"loc":{"start":{"line":107,"column":18},"end":{"line":107,"column":22}},"line":107}},"branchMap":{"0":{"loc":{"start":{"line":71,"column":3},"end":{"line":72,"column":102}},"type":"if","locations":[{"start":{"line":71,"column":3},"end":{"line":72,"column":102}},{"start":{"line":72,"column":8},"end":{"line":72,"column":102}}],"line":71}},"s":{"0":2,"1":3,"2":3,"3":3,"4":1,"5":1,"6":1,"7":2,"8":2,"9":2,"10":2,"11":2,"12":4,"13":4,"14":4,"15":3,"16":1,"17":2,"18":2,"19":2,"20":2,"21":2,"22":2,"23":3,"24":2,"25":0,"26":2,"27":1,"28":1},"f":{"0":3,"1":1,"2":2,"3":2,"4":2,"5":4,"6":4,"7":2,"8":2,"9":3,"10":0,"11":1,"12":1},"b":{"0":[3,1]},"_coverageSchema":"1a1c01bbd47fc00a2c39e90264f33305004495a9","hash":"e654e3bcecffed0766c6898f92e931085d953847"}
}
