TN:
SF:src\store\configureStore.ts
FN:8,(anonymous_0)
FN:17,(anonymous_1)
FN:20,(anonymous_2)
FNF:3
FNH:3
FNDA:2,(anonymous_0)
FNDA:14,(anonymous_1)
FNDA:14,(anonymous_2)
DA:6,2
DA:8,2
DA:17,2
DA:18,14
DA:20,14
LF:5
LH:5
BRF:0
BRH:0
end_of_record
TN:
SF:src\store\middlewares\api.ts
FN:5,(anonymous_0)
FN:6,(anonymous_1)
FN:7,(anonymous_2)
FNF:3
FNH:3
FNDA:16,(anonymous_0)
FNDA:16,(anonymous_1)
FNDA:28,(anonymous_2)
DA:5,2
DA:6,16
DA:7,16
DA:9,28
DA:10,6
DA:11,6
DA:12,6
DA:13,6
DA:14,6
DA:21,4
DA:23,2
LF:11
LH:11
BRDA:9,0,0,22
BRDA:9,0,1,6
BRDA:12,1,0,6
BRDA:12,1,1,0
BRF:4
BRH:3
end_of_record
TN:
SF:src\store\middlewares\auth.ts
FN:8,(anonymous_0)
FN:9,(anonymous_1)
FN:10,(anonymous_2)
FNF:3
FNH:3
FNDA:16,(anonymous_0)
FNDA:16,(anonymous_1)
FNDA:29,(anonymous_2)
DA:8,2
DA:9,16
DA:10,16
DA:12,29
DA:14,3
DA:16,3
DA:21,3
DA:22,2
DA:24,2
DA:26,1
DA:27,1
DA:29,26
LF:12
LH:12
BRDA:12,0,0,3
BRDA:12,0,1,26
BRDA:21,1,0,2
BRDA:21,1,1,1
BRDA:21,2,0,3
BRDA:21,2,1,2
BRDA:24,3,0,2
BRDA:24,3,1,0
BRDA:27,4,0,0
BRDA:27,4,1,1
BRF:10
BRH:8
end_of_record
TN:
SF:src\store\services\apiService.ts
FNF:0
FNH:0
DA:4,2
LF:1
LH:1
BRF:0
BRH:0
end_of_record
TN:
SF:src\store\services\authService.ts
FN:5,(anonymous_0)
FN:30,(anonymous_1)
FNF:2
FNH:2
FNDA:7,(anonymous_0)
FNDA:5,(anonymous_1)
DA:5,3
DA:7,7
DA:8,5
DA:12,2
DA:14,2
DA:15,1
DA:22,1
DA:23,1
DA:24,1
DA:25,0
DA:30,3
DA:31,5
DA:36,5
DA:40,5
DA:41,3
DA:49,2
LF:16
LH:15
BRDA:7,0,0,5
BRDA:7,0,1,2
BRDA:14,1,0,1
BRDA:14,1,1,1
BRDA:23,2,0,1
BRDA:23,2,1,0
BRDA:36,3,0,3
BRDA:36,3,1,2
BRDA:40,4,0,3
BRDA:40,4,1,2
BRDA:40,5,0,5
BRDA:40,5,1,3
BRF:12
BRH:11
end_of_record
TN:
SF:src\store\services\httpService.ts
FN:4,(anonymous_0)
FNF:1
FNH:1
FNDA:2,(anonymous_0)
DA:4,2
DA:6,2
DA:7,2
DA:8,0
DA:10,2
LF:5
LH:4
BRDA:6,0,0,2
BRDA:6,0,1,2
BRDA:6,0,2,2
BRDA:7,1,0,0
BRDA:7,1,1,2
BRF:5
BRH:4
end_of_record
TN:
SF:src\store\slices\posts.ts
FN:20,(anonymous_0)
FN:24,(anonymous_1)
FN:31,(anonymous_2)
FN:44,(anonymous_3)
FN:44,(anonymous_4)
FN:66,(anonymous_5)
FN:67,(anonymous_6)
FN:70,(anonymous_7)
FN:72,(anonymous_8)
FN:73,(anonymous_9)
FN:74,(anonymous_10)
FN:77,(anonymous_11)
FNF:12
FNH:12
FNDA:6,(anonymous_0)
FNDA:2,(anonymous_1)
FNDA:4,(anonymous_2)
FNDA:7,(anonymous_3)
FNDA:7,(anonymous_4)
FNDA:1,(anonymous_5)
FNDA:1,(anonymous_6)
FNDA:1,(anonymous_7)
FNDA:1,(anonymous_8)
FNDA:1,(anonymous_9)
FNDA:1,(anonymous_10)
FNDA:4,(anonymous_11)
DA:16,2
DA:21,6
DA:22,6
DA:25,2
DA:26,2
DA:27,2
DA:28,2
DA:29,2
DA:32,4
DA:33,4
DA:34,4
DA:35,4
DA:41,2
DA:44,7
DA:46,7
DA:47,7
DA:48,7
DA:49,1
DA:50,1
DA:52,6
DA:65,2
DA:66,1
DA:67,1
DA:70,2
DA:71,1
DA:72,1
DA:73,1
DA:75,1
DA:77,4
LF:29
LH:29
BRDA:48,0,0,1
BRDA:48,0,1,6
BRF:2
BRH:2
end_of_record
TN:
SF:src\store\slices\user.ts
FN:34,(anonymous_0)
FN:39,(anonymous_1)
FN:44,(anonymous_2)
FN:49,(anonymous_3)
FN:52,(anonymous_4)
FN:60,(anonymous_5)
FN:60,(anonymous_6)
FN:76,(anonymous_7)
FN:81,(anonymous_8)
FN:94,(anonymous_9)
FN:99,(anonymous_10)
FN:106,(anonymous_11)
FN:107,(anonymous_12)
FNF:13
FNH:12
FNDA:3,(anonymous_0)
FNDA:1,(anonymous_1)
FNDA:2,(anonymous_2)
FNDA:2,(anonymous_3)
FNDA:2,(anonymous_4)
FNDA:4,(anonymous_5)
FNDA:4,(anonymous_6)
FNDA:2,(anonymous_7)
FNDA:2,(anonymous_8)
FNDA:3,(anonymous_9)
FNDA:0,(anonymous_10)
FNDA:1,(anonymous_11)
FNDA:1,(anonymous_12)
DA:22,2
DA:35,3
DA:36,3
DA:37,3
DA:40,1
DA:41,1
DA:42,1
DA:45,2
DA:46,2
DA:47,2
DA:50,2
DA:60,4
DA:61,4
DA:71,4
DA:72,1
DA:76,2
DA:77,2
DA:81,2
DA:82,2
DA:90,2
DA:94,2
DA:95,3
DA:99,2
DA:100,0
DA:105,2
DA:106,1
DA:107,1
LF:27
LH:26
BRDA:71,0,0,3
BRDA:71,0,1,1
BRF:2
BRH:2
end_of_record
